<?xml version="1.0" encoding="UTF-8"?>
<!-- Generated by org.testng.reporters.JUnitReportReporter -->
<testsuite skipped="0" hostname="HW1580" name="com.testScripts.HMSPRScript" tests="1" failures="0" timestamp="11 Jul 2019 11:45:36 GMT" time="43.517" errors="0">
  <testcase name="f" time="43.517" classname="com.testScripts.HMSPRScript"/>
</testsuite> <!-- com.testScripts.HMSPRScript -->
