<?xml version="1.0" encoding="UTF-8"?>
<!-- Generated by org.testng.reporters.JUnitReportReporter -->
<testsuite skipped="0" hostname="HW1580" name="webdriverHMS.SpicejetSerach_AndroidDriver" tests="1" failures="0" timestamp="20 Jul 2019 03:13:29 GMT" time="12.788" errors="0">
  <testcase name="f" time="12.788" classname="webdriverHMS.SpicejetSerach_AndroidDriver"/>
</testsuite> <!-- webdriverHMS.SpicejetSerach_AndroidDriver -->
