<?xml version="1.0" encoding="UTF-8"?>
<!-- Generated by org.testng.reporters.JUnitReportReporter -->
<testsuite skipped="0" hostname="HW1580" name="androidDriver.PrintAllApps" tests="1" failures="0" timestamp="18 Jul 2019 11:19:16 GMT" time="14.804" errors="0">
  <testcase name="f" time="14.804" classname="androidDriver.PrintAllApps"/>
</testsuite> <!-- androidDriver.PrintAllApps -->
