<?xml version="1.0" encoding="UTF-8"?>
<!-- Generated by org.testng.reporters.JUnitReportReporter -->
<testsuite skipped="0" hostname="HW1580" name="webdriverHMS.LaunchWhatsApp" tests="1" failures="0" timestamp="17 Jul 2019 11:45:40 GMT" time="9.948" errors="0">
  <testcase name="f" time="9.948" classname="webdriverHMS.LaunchWhatsApp"/>
</testsuite> <!-- webdriverHMS.LaunchWhatsApp -->
