<?xml version="1.0" encoding="UTF-8"?>
<!-- Generated by org.testng.reporters.JUnitReportReporter -->
<testsuite skipped="0" hostname="HW1580" name="webdriverHMS.LaunchShareIt" tests="1" failures="0" timestamp="15 Jul 2019 09:14:34 GMT" time="12.610" errors="0">
  <testcase name="f" time="12.610" classname="webdriverHMS.LaunchShareIt"/>
</testsuite> <!-- webdriverHMS.LaunchShareIt -->
