<?xml version="1.0" encoding="UTF-8"?>
<!-- Generated by org.testng.reporters.JUnitReportReporter -->
<testsuite skipped="0" hostname="HW1580" name="androidDriver.Swipe_Horizantal" tests="1" failures="0" timestamp="18 Jul 2019 10:05:14 GMT" time="6.738" errors="0">
  <testcase name="f" time="6.738" classname="androidDriver.Swipe_Horizantal"/>
</testsuite> <!-- androidDriver.Swipe_Horizantal -->
