<?xml version="1.0" encoding="UTF-8"?>
<!-- Generated by org.testng.reporters.JUnitReportReporter -->
<testsuite name="webdriverHMS.Registration" tests="3" time="18.917" ignored="0" failures="0" timestamp="10 Jul 2019 02:33:29 GMT" skipped="0" hostname="HW1580" errors="0">
  <testcase name="test1" time="10.066" classname="webdriverHMS.Registration"/>
  <testcase name="test2" time="0.672" classname="webdriverHMS.Registration"/>
  <testcase name="test3" time="8.179" classname="webdriverHMS.Registration"/>
</testsuite> <!-- webdriverHMS.Registration -->
