<?xml version="1.0" encoding="UTF-8"?>
<!-- Generated by org.testng.reporters.JUnitReportReporter -->
<testsuite skipped="0" hostname="HW1580" name="webdriverHMS.AndroidDriver_RID" tests="1" failures="0" timestamp="20 Jul 2019 03:30:52 GMT" time="6.742" errors="0">
  <testcase name="f" time="6.742" classname="webdriverHMS.AndroidDriver_RID"/>
</testsuite> <!-- webdriverHMS.AndroidDriver_RID -->
