<?xml version="1.0" encoding="UTF-8"?>
<!-- Generated by org.testng.reporters.JUnitReportReporter -->
<testsuite skipped="0" hostname="HW1580" name="androidDriver.LongPress_WhatsApp" tests="1" failures="0" timestamp="18 Jul 2019 09:57:19 GMT" time="10.407" errors="0">
  <testcase name="f" time="10.407" classname="androidDriver.LongPress_WhatsApp"/>
</testsuite> <!-- androidDriver.LongPress_WhatsApp -->
